2025-03-25 13:21:37,951 - INFO - Starting Sentiment Analysis Pipeline...
2025-03-25 13:21:37,951 - INFO - Loading raw data...
2025-03-25 13:21:37,951 - INFO - Opening Excel Files...
2025-03-25 13:22:03,662 - INFO - Data successfully written to raw_tweets table.
2025-03-25 13:22:03,680 - INFO - Preprocessing data...
2025-03-25 13:23:55,874 - INFO - Training the model...
2025-03-27 09:10:15,846 - INFO - Starting Sentiment Analysis Pipeline...
2025-03-27 09:10:15,848 - INFO - Loading raw data...
2025-03-27 09:10:15,848 - INFO - Opening Excel Files...
2025-03-27 09:10:51,238 - INFO - Data successfully written to raw_tweets table.
2025-03-27 09:10:51,270 - INFO - Preprocessing data...
2025-03-27 09:12:55,396 - INFO - Training the model...
2025-03-27 09:27:48,727 - INFO - Starting Sentiment Analysis Pipeline...
2025-03-27 09:27:48,727 - INFO - Loading raw data...
2025-03-27 09:27:48,727 - INFO - Opening Excel Files...
2025-03-27 09:28:13,737 - INFO - Data successfully written to raw_tweets table.
2025-03-27 09:28:13,756 - INFO - Preprocessing data...
2025-03-27 09:50:04,449 - INFO - Starting Sentiment Analysis Pipeline...
2025-03-27 09:50:04,449 - INFO - Loading raw data...
2025-03-27 09:50:04,449 - INFO - Opening Excel Files...
2025-03-27 09:50:27,366 - INFO - Data successfully written to raw_tweets table.
2025-03-27 09:50:27,388 - INFO - Preprocessing data...
2025-03-27 09:51:29,017 - INFO - Starting Sentiment Analysis Pipeline...
2025-03-27 09:51:29,018 - INFO - Loading raw data...
2025-03-27 09:51:29,018 - INFO - Opening Excel Files...
2025-03-27 09:51:55,433 - INFO - Data successfully written to raw_tweets table.
2025-03-27 09:51:55,453 - INFO - Preprocessing data...
2025-03-27 09:53:41,492 - INFO - Training the model...
2025-03-27 09:54:15,960 - INFO - Starting Sentiment Analysis Pipeline...
2025-03-27 09:54:15,960 - INFO - Loading raw data...
2025-03-27 09:54:15,961 - INFO - Opening Excel Files...
2025-03-27 09:54:39,132 - INFO - Data successfully written to raw_tweets table.
2025-03-27 09:54:39,154 - INFO - Preprocessing data...
2025-03-27 09:56:24,053 - INFO - Training the model...
2025-03-27 09:56:24,514 - INFO - Saving model...
2025-03-27 10:27:07,462 - INFO - Starting Sentiment Analysis Pipeline...
2025-03-27 10:27:07,462 - INFO - Loading raw data...
2025-03-27 10:27:07,462 - INFO - Opening Excel Files...
2025-03-27 10:27:31,829 - INFO - Data successfully written to raw_tweets table.
2025-03-27 10:27:31,853 - INFO - Preprocessing data...
2025-03-27 10:29:18,421 - INFO - Training the model...
2025-03-27 10:29:18,913 - INFO - Saving model...
2025-04-01 12:53:57,994 - INFO - Starting Sentiment Analysis Pipeline...
2025-04-01 12:53:57,997 - INFO - Loading raw data...
2025-04-01 12:53:57,997 - INFO - Opening Excel Files...
2025-04-01 12:54:23,760 - INFO - Data successfully written to raw_tweets table.
2025-04-01 12:54:23,782 - INFO - Preprocessing data...
2025-04-01 12:56:40,719 - INFO - Starting Sentiment Analysis Pipeline...
2025-04-01 12:56:40,720 - INFO - Loading raw data...
2025-04-01 12:56:40,720 - INFO - Opening Excel Files...
2025-04-01 12:57:04,105 - INFO - Data successfully written to raw_tweets table.
2025-04-01 12:57:04,128 - INFO - Preprocessing data...
2025-04-01 12:59:01,363 - INFO - Training the model...
2025-04-01 13:04:35,807 - INFO - Saving model...
2025-04-01 13:18:18,046 - INFO - Starting Sentiment Analysis Pipeline...
2025-04-01 13:18:18,046 - INFO - Loading raw data...
2025-04-01 13:18:18,046 - INFO - Opening Excel Files...
2025-04-01 13:18:43,733 - INFO - Data successfully written to raw_tweets table.
2025-04-01 13:18:43,753 - INFO - Preprocessing data...
2025-04-01 13:20:51,357 - INFO - Training the model...
2025-04-01 13:26:24,449 - INFO - Saving model...
2025-04-01 13:27:26,801 - INFO - Starting Sentiment Analysis Pipeline...
2025-04-01 13:27:26,801 - INFO - Loading raw data...
2025-04-01 13:27:26,801 - INFO - Opening Excel Files...
2025-04-01 13:27:50,662 - INFO - Data successfully written to raw_tweets table.
2025-04-01 13:27:50,680 - INFO - Preprocessing data...
2025-04-01 13:29:35,103 - INFO - Training the model...
2025-04-01 13:34:34,380 - INFO - Saving model...
2025-04-01 13:34:39,403 - INFO - Saving model...
2025-04-01 13:35:50,770 - INFO - Starting Sentiment Analysis Pipeline...
2025-04-01 13:35:50,770 - INFO - Loading raw data...
2025-04-01 13:35:50,770 - INFO - Opening Excel Files...
2025-04-01 13:36:14,131 - INFO - Data successfully written to raw_tweets table.
2025-04-01 13:36:14,151 - INFO - Preprocessing data...
2025-04-01 13:37:57,540 - INFO - Training the model...
2025-04-01 13:39:05,104 - INFO - Saving model...
2025-04-01 13:39:06,521 - INFO - Saving model...
